<?xml version="1.0" encoding="UTF-8"?>
<!-- Generated by org.testng.reporters.JUnitReportReporter -->
<testsuite hostname="DESKTOP-11E2S17" failures="0" tests="1" name="KiteTest.Test_class" time="3.676" errors="0" timestamp="2022-09-04T10:49:06 IST" skipped="0">
  <testcase classname="KiteTest.Test_class" name="verifyuserID" time="3.676"/>
  <system-out>
    <![CDATA[running verify user id]]>
  </system-out>
</testsuite> <!-- KiteTest.Test_class -->
